This is pdfTeX, Version 3.14159265-2.6-1.40.15 (MiKTeX 2.9 64-bit) (preloaded format=pdflatex 2016.1.29)  25 DEC 2016 00:28
entering extended mode
**main.tex
(main.tex
LaTeX2e <2014/05/01>
Babel <3.9l> and hyphenation patterns for 68 languages loaded.
\@input{settings.aux}
(settings.tex ("C:\Program Files\MiKTeX 2.9\tex\latex\base\article.cls"
Document Class: article 2014/09/29 v1.4h Standard LaTeX document class
("C:\Program Files\MiKTeX 2.9\tex\latex\base\size10.clo"
File: size10.clo 2014/09/29 v1.4h Standard LaTeX file (size option)
)
\c@part=\count79
\c@section=\count80
\c@subsection=\count81
\c@subsubsection=\count82
\c@paragraph=\count83
\c@subparagraph=\count84
\c@figure=\count85
\c@table=\count86
\abovecaptionskip=\skip41
\belowcaptionskip=\skip42
\bibindent=\dimen102
)
("C:\Program Files\MiKTeX 2.9\tex\latex\base\inputenc.sty"
Package: inputenc 2014/04/30 v1.2b Input encoding file
\inpenc@prehook=\toks14
\inpenc@posthook=\toks15

("C:\Program Files\MiKTeX 2.9\tex\latex\ucs\utf8x.def"
File: utf8x.def 2004/10/17 UCS: Input encoding UTF-8
))
("C:\Program Files\MiKTeX 2.9\tex\latex\ucs\ucs.sty"
Package: ucs 2013/05/11 v2.2 UCS: Unicode input support

("C:\Program Files\MiKTeX 2.9\tex\latex\ucs\uni-global.def"
File: uni-global.def 2013/05/13 UCS: Unicode global data
)
\uc@secondtry=\count87
\uc@combtoks=\toks16
\uc@combtoksb=\toks17
\uc@temptokena=\toks18
)
("C:\Program Files\MiKTeX 2.9\tex\latex\base\fontenc.sty"
Package: fontenc 2005/09/27 v1.99g Standard LaTeX package

("C:\Program Files\MiKTeX 2.9\tex\latex\base\t1enc.def"
File: t1enc.def 2005/09/27 v1.99g Standard LaTeX file
LaTeX Font Info:    Redeclaring font encoding T1 on input line 43.
)
("C:\Program Files\MiKTeX 2.9\tex\latex\cyrillic\t2aenc.def"
File: t2aenc.def 2005/09/27 v1.0i Cyrillic encoding definition file
)
LaTeX Font Info:    Try loading font information for T2A+cmr on input line 100.


("C:\Program Files\MiKTeX 2.9\tex\latex\cyrillic\t2acmr.fd"
File: t2acmr.fd 2001/08/11 v1.0a Computer Modern Cyrillic font definitions
))
("C:\Program Files\MiKTeX 2.9\tex\latex\babel\babel.sty"
Package: babel 2014/09/25 3.9l The Babel package

*************************************
* Local config file bblopts.cfg used
*
("C:\Program Files\MiKTeX 2.9\tex\latex\00miktex\bblopts.cfg"
File: bblopts.cfg 2006/07/31 v1.0 MiKTeX 'babel' configuration
)
("C:\Program Files\MiKTeX 2.9\tex\latex\babel-russian\russianb.ldf"
Language: russianb 2014/10/21 1.3f Russian support for the Babel system

("C:\Program Files\MiKTeX 2.9\tex\latex\babel\babel.def"
File: babel.def 2014/09/25 3.9l Babel common definitions
\babel@savecnt=\count88
\U@D=\dimen103
)
Package babel Info: Making " an active character on input line 111.
))
("C:\Program Files\MiKTeX 2.9\tex\latex\hyperref\hyperref.sty"
Package: hyperref 2012/11/06 v6.83m Hypertext links for LaTeX

("C:\Program Files\MiKTeX 2.9\tex\generic\oberdiek\hobsub-hyperref.sty"
Package: hobsub-hyperref 2012/04/25 v1.12 Bundle oberdiek, subset hyperref (HO)


("C:\Program Files\MiKTeX 2.9\tex\generic\oberdiek\hobsub-generic.sty"
Package: hobsub-generic 2012/04/25 v1.12 Bundle oberdiek, subset generic (HO)
Package: hobsub 2012/04/25 v1.12 Construct package bundles (HO)
Package: infwarerr 2010/04/08 v1.3 Providing info/warning/error messages (HO)
Package: ltxcmds 2011/11/09 v1.22 LaTeX kernel commands for general use (HO)
Package: ifluatex 2010/03/01 v1.3 Provides the ifluatex switch (HO)
Package ifluatex Info: LuaTeX not detected.
Package: ifvtex 2010/03/01 v1.5 Detect VTeX and its facilities (HO)
Package ifvtex Info: VTeX not detected.
Package: intcalc 2007/09/27 v1.1 Expandable calculations with integers (HO)
Package: ifpdf 2011/01/30 v2.3 Provides the ifpdf switch (HO)
Package ifpdf Info: pdfTeX in PDF mode is detected.
Package: etexcmds 2011/02/16 v1.5 Avoid name clashes with e-TeX commands (HO)
Package etexcmds Info: Could not find \expanded.
(etexcmds)             That can mean that you are not using pdfTeX 1.50 or
(etexcmds)             that some package has redefined \expanded.
(etexcmds)             In the latter case, load this package earlier.
Package: kvsetkeys 2012/04/25 v1.16 Key value parser (HO)
Package: kvdefinekeys 2011/04/07 v1.3 Define keys (HO)
Package: pdftexcmds 2011/11/29 v0.20 Utility functions of pdfTeX for LuaTeX (HO
)
Package pdftexcmds Info: LuaTeX not detected.
Package pdftexcmds Info: \pdf@primitive is available.
Package pdftexcmds Info: \pdf@ifprimitive is available.
Package pdftexcmds Info: \pdfdraftmode found.
Package: pdfescape 2011/11/25 v1.13 Implements pdfTeX's escape features (HO)
Package: bigintcalc 2012/04/08 v1.3 Expandable calculations on big integers (HO
)
Package: bitset 2011/01/30 v1.1 Handle bit-vector datatype (HO)
Package: uniquecounter 2011/01/30 v1.2 Provide unlimited unique counter (HO)
)
Package hobsub Info: Skipping package `hobsub' (already loaded).
Package: letltxmacro 2010/09/02 v1.4 Let assignment for LaTeX macros (HO)
Package: hopatch 2011/06/24 v1.1 Wrapper for package hooks (HO)
Package: xcolor-patch 2011/01/30 xcolor patch
Package: atveryend 2011/06/30 v1.8 Hooks at the very end of document (HO)
Package atveryend Info: \enddocument detected (standard20110627).
Package: atbegshi 2011/10/05 v1.16 At begin shipout hook (HO)
Package: refcount 2011/10/16 v3.4 Data extraction from label references (HO)
Package: hycolor 2011/01/30 v1.7 Color options for hyperref/bookmark (HO)
)
("C:\Program Files\MiKTeX 2.9\tex\latex\graphics\keyval.sty"
Package: keyval 2014/10/28 v1.15 key=value parser (DPC)
\KV@toks@=\toks19
)
("C:\Program Files\MiKTeX 2.9\tex\generic\ifxetex\ifxetex.sty"
Package: ifxetex 2010/09/12 v0.6 Provides ifxetex conditional
)
("C:\Program Files\MiKTeX 2.9\tex\latex\oberdiek\auxhook.sty"
Package: auxhook 2011/03/04 v1.3 Hooks for auxiliary files (HO)
)
("C:\Program Files\MiKTeX 2.9\tex\latex\oberdiek\kvoptions.sty"
Package: kvoptions 2011/06/30 v3.11 Key value format for package options (HO)
)
\@linkdim=\dimen104
\Hy@linkcounter=\count89
\Hy@pagecounter=\count90

("C:\Program Files\MiKTeX 2.9\tex\latex\hyperref\pd1enc.def"
File: pd1enc.def 2012/11/06 v6.83m Hyperref: PDFDocEncoding definition (HO)
)
\Hy@SavedSpaceFactor=\count91
Package hyperref Info: Option `unicode' set `true' on input line 3411.

("C:\Program Files\MiKTeX 2.9\tex\latex\hyperref\puenc.def"
File: puenc.def 2012/11/06 v6.83m Hyperref: PDF Unicode definition (HO)
)
("C:\Program Files\MiKTeX 2.9\tex\latex\00miktex\hyperref.cfg"
File: hyperref.cfg 2002/06/06 v1.2 hyperref configuration of TeXLive
)
Package hyperref Info: Hyper figures OFF on input line 4443.
Package hyperref Info: Link nesting OFF on input line 4448.
Package hyperref Info: Hyper index ON on input line 4451.
Package hyperref Info: Plain pages OFF on input line 4458.
Package hyperref Info: Backreferencing OFF on input line 4463.
Package hyperref Info: Implicit mode ON; LaTeX internals redefined.
Package hyperref Info: Bookmarks ON on input line 4688.
\c@Hy@tempcnt=\count92

("C:\Program Files\MiKTeX 2.9\tex\latex\url\url.sty"
\Urlmuskip=\muskip10
Package: url 2013/09/16  ver 3.4  Verb mode for urls, etc.
)
LaTeX Info: Redefining \url on input line 5041.
\XeTeXLinkMargin=\dimen105
\Fld@menulength=\count93
\Field@Width=\dimen106
\Fld@charsize=\dimen107
Package hyperref Info: Hyper figures OFF on input line 6295.
Package hyperref Info: Link nesting OFF on input line 6300.
Package hyperref Info: Hyper index ON on input line 6303.
Package hyperref Info: backreferencing OFF on input line 6310.
Package hyperref Info: Link coloring OFF on input line 6315.
Package hyperref Info: Link coloring with OCG OFF on input line 6320.
Package hyperref Info: PDF/A mode OFF on input line 6325.
LaTeX Info: Redefining \ref on input line 6365.
LaTeX Info: Redefining \pageref on input line 6369.
\Hy@abspage=\count94
\c@Item=\count95
\c@Hfootnote=\count96
)

Package hyperref Message: Driver (autodetected): hpdftex.

("C:\Program Files\MiKTeX 2.9\tex\latex\hyperref\hpdftex.def"
File: hpdftex.def 2012/11/06 v6.83m Hyperref driver for pdfTeX
\Fld@listcount=\count97
\c@bookmark@seq@number=\count98

("C:\Program Files\MiKTeX 2.9\tex\latex\oberdiek\rerunfilecheck.sty"
Package: rerunfilecheck 2011/04/15 v1.7 Rerun checks for auxiliary files (HO)
Package uniquecounter Info: New unique counter `rerunfilecheck' on input line 2
82.
)
\Hy@SectionHShift=\skip43
)
("C:\Program Files\MiKTeX 2.9\tex\latex\tools\indentfirst.sty"
Package: indentfirst 1995/11/23 v1.03 Indent first paragraph (DPC)
)
("C:\Program Files\MiKTeX 2.9\tex\latex\listings\listings.sty"
\lst@mode=\count99
\lst@gtempboxa=\box26
\lst@token=\toks20
\lst@length=\count100
\lst@currlwidth=\dimen108
\lst@column=\count101
\lst@pos=\count102
\lst@lostspace=\dimen109
\lst@width=\dimen110
\lst@newlines=\count103
\lst@lineno=\count104
\lst@maxwidth=\dimen111

("C:\Program Files\MiKTeX 2.9\tex\latex\listings\lstmisc.sty"
File: lstmisc.sty 2014/09/06 1.5e (Carsten Heinz)
\c@lstnumber=\count105
\lst@skipnumbers=\count106
\lst@framebox=\box27
)
("C:\Program Files\MiKTeX 2.9\tex\latex\listings\listings.cfg"
File: listings.cfg 2014/09/06 1.5e listings configuration
))
Package: listings 2014/09/06 1.5e (Carsten Heinz)

("C:\Program Files\MiKTeX 2.9\tex\latex\graphics\color.sty"
Package: color 2014/10/28 v1.1a Standard LaTeX Color (DPC)

("C:\Program Files\MiKTeX 2.9\tex\latex\00miktex\color.cfg"
File: color.cfg 2007/01/18 v1.5 color configuration of teTeX/TeXLive
)
Package color Info: Driver file: pdftex.def on input line 137.

("C:\Program Files\MiKTeX 2.9\tex\latex\pdftex-def\pdftex.def"
File: pdftex.def 2011/05/27 v0.06d Graphics/color for pdfTeX
\Gread@gobject=\count107
))
("C:\Program Files\MiKTeX 2.9\tex\latex\here\here.sty")
("C:\Program Files\MiKTeX 2.9\tex\latex\float\float.sty"
Package: float 2001/11/08 v1.3d Float enhancements (AL)
\c@float@type=\count108
\float@exts=\toks21
\float@box=\box28
\@float@everytoks=\toks22
\@floatcapt=\box29
)
("C:\Program Files\MiKTeX 2.9\tex\latex\tools\array.sty"
Package: array 2014/10/28 v2.4c Tabular extension package (FMi)
\col@sep=\dimen112
\extrarowheight=\dimen113
\NC@list=\toks23
\extratabsurround=\skip44
\backup@length=\skip45
)
("C:\Program Files\MiKTeX 2.9\tex\latex\multirow\multirow.sty"
\bigstrutjot=\dimen114
)
("C:\Program Files\MiKTeX 2.9\tex\latex\graphics\graphicx.sty"
Package: graphicx 2014/10/28 v1.0g Enhanced LaTeX Graphics (DPC,SPQR)

("C:\Program Files\MiKTeX 2.9\tex\latex\graphics\graphics.sty"
Package: graphics 2014/10/28 v1.0p Standard LaTeX Graphics (DPC,SPQR)

("C:\Program Files\MiKTeX 2.9\tex\latex\graphics\trig.sty"
Package: trig 1999/03/16 v1.09 sin cos tan (DPC)
)
("C:\Program Files\MiKTeX 2.9\tex\latex\00miktex\graphics.cfg"
File: graphics.cfg 2007/01/18 v1.5 graphics configuration of teTeX/TeXLive
)
Package graphics Info: Driver file: pdftex.def on input line 91.
)
\Gin@req@height=\dimen115
\Gin@req@width=\dimen116
)
("C:\Program Files\MiKTeX 2.9\tex\latex\caption\caption.sty"
Package: caption 2013/05/02 v3.3-89 Customizing captions (AR)

("C:\Program Files\MiKTeX 2.9\tex\latex\caption\caption3.sty"
Package: caption3 2013/05/02 v1.6-88 caption3 kernel (AR)
Package caption3 Info: TeX engine: e-TeX on input line 57.
\captionmargin=\dimen117
\captionmargin@=\dimen118
\captionwidth=\dimen119
\caption@tempdima=\dimen120
\caption@indent=\dimen121
\caption@parindent=\dimen122
\caption@hangindent=\dimen123
)
\c@ContinuedFloat=\count109
Package caption Info: float package is loaded.
Package caption Info: hyperref package is loaded.
Package caption Info: listings package is loaded.
)
("C:\Program Files\MiKTeX 2.9\tex\latex\listings\lstlang1.sty"
File: lstlang1.sty 2014/09/06 1.5e listings language file
)
("C:\Program Files\MiKTeX 2.9\tex\latex\listings\lstlang1.sty"
File: lstlang1.sty 2014/09/06 1.5e listings language file
))
("C:\Program Files\MiKTeX 2.9\tex\latex\geometry\geometry.sty"
Package: geometry 2010/09/12 v5.6 Page Geometry
\Gm@cnth=\count110
\Gm@cntv=\count111
\c@Gm@tempcnt=\count112
\Gm@bindingoffset=\dimen124
\Gm@wd@mp=\dimen125
\Gm@odd@mp=\dimen126
\Gm@even@mp=\dimen127
\Gm@layoutwidth=\dimen128
\Gm@layoutheight=\dimen129
\Gm@layouthoffset=\dimen130
\Gm@layoutvoffset=\dimen131
\Gm@dimlist=\toks24

("C:\Program Files\MiKTeX 2.9\tex\latex\geometry\geometry.cfg")) (main.aux
(titlepage.aux)

LaTeX Warning: Label `pic:pic_name' multiply defined.


LaTeX Warning: Label `pic:pic_name' multiply defined.


LaTeX Warning: Label `pic:pic_name' multiply defined.


LaTeX Warning: Label `pic:pic_name' multiply defined.


LaTeX Warning: Label `pic:pic_name' multiply defined.


LaTeX Warning: Label `pic:pic_name' multiply defined.


LaTeX Warning: Label `pic:pic_name' multiply defined.


LaTeX Warning: Label `pic:pic_name' multiply defined.


LaTeX Warning: Label `pic:pic_name' multiply defined.


LaTeX Warning: Label `pic:pic_name' multiply defined.


LaTeX Warning: Label `pic:pic_name' multiply defined.


LaTeX Warning: Label `pic:pic_name' multiply defined.


LaTeX Warning: Label `pic:pic_name' multiply defined.

)
LaTeX Font Info:    Checking defaults for OML/cmm/m/it on input line 3.
LaTeX Font Info:    ... okay on input line 3.
LaTeX Font Info:    Checking defaults for T1/cmr/m/n on input line 3.
LaTeX Font Info:    ... okay on input line 3.
LaTeX Font Info:    Checking defaults for OT1/cmr/m/n on input line 3.
LaTeX Font Info:    ... okay on input line 3.
LaTeX Font Info:    Checking defaults for OMS/cmsy/m/n on input line 3.
LaTeX Font Info:    ... okay on input line 3.
LaTeX Font Info:    Checking defaults for OMX/cmex/m/n on input line 3.
LaTeX Font Info:    ... okay on input line 3.
LaTeX Font Info:    Checking defaults for U/cmr/m/n on input line 3.
LaTeX Font Info:    ... okay on input line 3.
LaTeX Font Info:    Checking defaults for T2A/cmr/m/n on input line 3.
LaTeX Font Info:    ... okay on input line 3.
LaTeX Font Info:    Checking defaults for PD1/pdf/m/n on input line 3.
LaTeX Font Info:    ... okay on input line 3.
LaTeX Font Info:    Checking defaults for PU/pdf/m/n on input line 3.
LaTeX Font Info:    ... okay on input line 3.
 ("C:\Program Files\MiKTeX 2.9\tex\latex\ucs\ucsencs.def"
File: ucsencs.def 2011/01/21 Fixes to fontencodings LGR, T3
)
\AtBeginShipoutBox=\box30
Package hyperref Info: Link coloring OFF on input line 3.

("C:\Program Files\MiKTeX 2.9\tex\latex\hyperref\nameref.sty"
Package: nameref 2012/10/27 v2.43 Cross-referencing by name of section

("C:\Program Files\MiKTeX 2.9\tex\generic\oberdiek\gettitlestring.sty"
Package: gettitlestring 2010/12/03 v1.4 Cleanup title references (HO)
)
\c@section@level=\count113
)
LaTeX Info: Redefining \ref on input line 3.
LaTeX Info: Redefining \pageref on input line 3.
LaTeX Info: Redefining \nameref on input line 3.

(main.out) (main.out)
\@outlinefile=\write3
\c@lstlisting=\count114

("C:\Program Files\MiKTeX 2.9\tex\context\base\supp-pdf.mkii"
[Loading MPS to PDF converter (version 2006.09.02).]
\scratchcounter=\count115
\scratchdimen=\dimen132
\scratchbox=\box31
\nofMPsegments=\count116
\nofMParguments=\count117
\everyMPshowfont=\toks25
\MPscratchCnt=\count118
\MPscratchDim=\dimen133
\MPnumerator=\count119
\makeMPintoPDFobject=\count120
\everyMPtoPDFconversion=\toks26
)
Package caption Info: Begin \AtBeginDocument code.
Package caption Info: End \AtBeginDocument code.

*geometry* driver: auto-detecting
*geometry* detected driver: pdftex
*geometry* verbose mode - [ preamble ] result:
* driver: pdftex
* paper: a4paper
* layout: <same size as paper>
* layoutoffset:(h,v)=(0.0pt,0.0pt)
* modes: 
* h-part:(L,W,R)=(56.9055pt, 483.69687pt, 56.9055pt)
* v-part:(T,H,B)=(56.9055pt, 731.23584pt, 56.9055pt)
* \paperwidth=597.50787pt
* \paperheight=845.04684pt
* \textwidth=483.69687pt
* \textheight=731.23584pt
* \oddsidemargin=-15.36449pt
* \evensidemargin=-15.36449pt
* \topmargin=-52.36449pt
* \headheight=12.0pt
* \headsep=25.0pt
* \topskip=10.0pt
* \footskip=30.0pt
* \marginparwidth=57.0pt
* \marginparsep=11.0pt
* \columnsep=10.0pt
* \skip\footins=9.0pt plus 4.0pt minus 2.0pt
* \hoffset=0.0pt
* \voffset=0.0pt
* \mag=1000
* \@twocolumnfalse
* \@twosidefalse
* \@mparswitchfalse
* \@reversemarginfalse
* (1in=72.27pt=25.4mm, 1cm=28.453pt)

(titlepage.tex ("C:\Program Files\MiKTeX 2.9\tex\latex\ucs\uni-4.def"
File: uni-4.def 2013/05/13 UCS: Unicode data U+0400..U+04FF
)
LaTeX Font Info:    External font `cmex10' loaded for size
(Font)              <7> on input line 28.
LaTeX Font Info:    External font `cmex10' loaded for size
(Font)              <5> on input line 28.
Package babel Info: Redefining russian shorthand "|
(babel)             in language  on input line 39.
Package babel Info: Redefining russian shorthand "~
(babel)             in language  on input line 39.
Package babel Info: Redefining russian shorthand "|
(babel)             in language  on input line 39.
Package babel Info: Redefining russian shorthand "~
(babel)             in language  on input line 39.
 [1




{C:/ProgramData/MiKTeX/2.9/pdftex/config/pdftex.map}]) (main.toc)
\tf@toc=\write4
Package babel Info: Redefining russian shorthand "|
(babel)             in language  on input line 10.
Package babel Info: Redefining russian shorthand "~
(babel)             in language  on input line 10.
Package babel Info: Redefining russian shorthand "|
(babel)             in language  on input line 10.
Package babel Info: Redefining russian shorthand "~
(babel)             in language  on input line 10.
pdfTeX warning (ext4): destination with the same identifier (name{page.1}) has 
been already used, duplicate ignored
<to be read again> 
                   \relax 
l.10 \newpage
              [1

]
Package babel Info: Redefining russian shorthand "|
(babel)             in language  on input line 14.
Package babel Info: Redefining russian shorthand "~
(babel)             in language  on input line 14.
 ("C:\Program Files\MiKTeX 2.9\tex\latex\ucs\uni-32.def"
File: uni-32.def 2013/05/13 UCS: Unicode data U+2000..U+20FF
)
Underfull \hbox (badness 10000) in paragraph at lines 16--17

 []

LaTeX Font Info:    External font `cmex10' loaded for size
(Font)              <8> on input line 18.
LaTeX Font Info:    External font `cmex10' loaded for size
(Font)              <6> on input line 18.

Underfull \hbox (badness 10000) in paragraph at lines 18--19

 []


Underfull \hbox (badness 10000) in paragraph at lines 20--21

 []


Underfull \hbox (badness 10000) in paragraph at lines 22--23

 []


Underfull \hbox (badness 10000) in paragraph at lines 24--25

 []

Package babel Info: Redefining russian shorthand "|
(babel)             in language  on input line 28.
Package babel Info: Redefining russian shorthand "~
(babel)             in language  on input line 28.

Underfull \hbox (badness 10000) in paragraph at lines 30--31

 []


Underfull \hbox (badness 10000) in paragraph at lines 32--34

 []

Package babel Info: Redefining russian shorthand "|
(babel)             in language  on input line 35.
Package babel Info: Redefining russian shorthand "~
(babel)             in language  on input line 35.
Package babel Info: Redefining russian shorthand "|
(babel)             in language  on input line 39.
Package babel Info: Redefining russian shorthand "~
(babel)             in language  on input line 39.
Package babel Info: Redefining russian shorthand "|
(babel)             in language  on input line 43.
Package babel Info: Redefining russian shorthand "~
(babel)             in language  on input line 43.
Package babel Info: Redefining russian shorthand "|
(babel)             in language  on input line 49.
Package babel Info: Redefining russian shorthand "~
(babel)             in language  on input line 49.
Package babel Info: Redefining russian shorthand "|
(babel)             in language  on input line 51.
Package babel Info: Redefining russian shorthand "~
(babel)             in language  on input line 51.

Underfull \hbox (badness 10000) in paragraph at lines 53--54

 []

LaTeX Font Info:    Try loading font information for OMS+cmr on input line 58.
("C:\Program Files\MiKTeX 2.9\tex\latex\base\omscmr.fd"
File: omscmr.fd 2014/09/29 v2.5h Standard LaTeX font definitions
)
LaTeX Font Info:    Font shape `OMS/cmr/m/n' in size <10> not available
(Font)              Font shape `OMS/cmsy/m/n' tried instead on input line 58.
Package babel Info: Redefining russian shorthand "|
(babel)             in language  on input line 59.
Package babel Info: Redefining russian shorthand "~
(babel)             in language  on input line 59.
Package babel Info: Redefining russian shorthand "|
(babel)             in language  on input line 59.
Package babel Info: Redefining russian shorthand "~
(babel)             in language  on input line 59.
 [2]
Underfull \hbox (badness 10000) in paragraph at lines 63--64

 []

<pics/diagram.png, id=164, 733.74126pt x 697.60625pt>
File: pics/diagram.png Graphic file (type png)
 <use pics/diagram.png>
Package pdftex.def Info: pics/diagram.png used on input line 68.
(pdftex.def)             Requested size: 513.61539pt x 488.32104pt.

Overfull \hbox (29.91852pt too wide) in paragraph at lines 68--69
 [] 
 []

Package babel Info: Redefining russian shorthand "|
(babel)             in language  on input line 80.
Package babel Info: Redefining russian shorthand "~
(babel)             in language  on input line 80.
Package babel Info: Redefining russian shorthand "|
(babel)             in language  on input line 80.
Package babel Info: Redefining russian shorthand "~
(babel)             in language  on input line 80.
[3 <./pics/diagram.png (PNG copy)>]
Package babel Info: Redefining russian shorthand "|
(babel)             in language  on input line 88.
Package babel Info: Redefining russian shorthand "~
(babel)             in language  on input line 88.

<pics/MVP-Process.png, id=172, 501.875pt x 388.45125pt>
File: pics/MVP-Process.png Graphic file (type png)

<use pics/MVP-Process.png>
Package pdftex.def Info: pics/MVP-Process.png used on input line 92.
(pdftex.def)             Requested size: 351.31009pt x 271.914pt.
Package babel Info: Redefining russian shorthand "|
(babel)             in language  on input line 104.
Package babel Info: Redefining russian shorthand "~
(babel)             in language  on input line 104.

Underfull \hbox (badness 10000) in paragraph at lines 106--113

 []


Underfull \hbox (badness 10000) in paragraph at lines 106--113

 []

Package babel Info: Redefining russian shorthand "|
(babel)             in language  on input line 117.
Package babel Info: Redefining russian shorthand "~
(babel)             in language  on input line 117.
Package babel Info: Redefining russian shorthand "|
(babel)             in language  on input line 117.
Package babel Info: Redefining russian shorthand "~
(babel)             in language  on input line 117.
[4 <./pics/MVP-Process.png>]
("C:\Program Files\MiKTeX 2.9\tex\latex\ucs\uni-0.def"
File: uni-0.def 2013/05/13 UCS: Unicode data U+0000..U+00FF
)
Underfull \hbox (badness 10000) in paragraph at lines 124--125

 []


Underfull \hbox (badness 10000) in paragraph at lines 126--127

 []


Underfull \hbox (badness 10000) in paragraph at lines 128--129

 []

Package babel Info: Redefining russian shorthand "|
(babel)             in language  on input line 132.
Package babel Info: Redefining russian shorthand "~
(babel)             in language  on input line 132.
Package babel Info: Redefining russian shorthand "|
(babel)             in language  on input line 136.
Package babel Info: Redefining russian shorthand "~
(babel)             in language  on input line 136.
Package babel Info: Redefining russian shorthand "|
(babel)             in language  on input line 138.
Package babel Info: Redefining russian shorthand "~
(babel)             in language  on input line 138.

Underfull \hbox (badness 10000) in paragraph at lines 141--146

 []

Package babel Info: Redefining russian shorthand "|
(babel)             in language  on input line 153.
Package babel Info: Redefining russian shorthand "~
(babel)             in language  on input line 153.

Underfull \hbox (badness 10000) in paragraph at lines 155--156

 []

Package babel Info: Redefining russian shorthand "|
(babel)             in language  on input line 167.
Package babel Info: Redefining russian shorthand "~
(babel)             in language  on input line 167.
Package babel Info: Redefining russian shorthand "|
(babel)             in language  on input line 167.
Package babel Info: Redefining russian shorthand "~
(babel)             in language  on input line 167.
[5]
Package babel Info: Redefining russian shorthand "|
(babel)             in language  on input line 168.
Package babel Info: Redefining russian shorthand "~
(babel)             in language  on input line 168.

Underfull \hbox (badness 10000) in paragraph at lines 170--171

 []

<pics/01.png, id=188, 575.14874pt x 358.33875pt>
File: pics/01.png Graphic file (type png)
 <use pics/01.png>
Package pdftex.def Info: pics/01.png used on input line 177.
(pdftex.def)             Requested size: 402.60138pt x 250.83542pt.

<pics/02.png, id=190, 573.64313pt x 361.35pt>
File: pics/02.png Graphic file (type png)
 <use pics/02.png>
Package pdftex.def Info: pics/02.png used on input line 187.
(pdftex.def)             Requested size: 401.54745pt x 252.94327pt.
Package babel Info: Redefining russian shorthand "|
(babel)             in language  on input line 192.
Package babel Info: Redefining russian shorthand "~
(babel)             in language  on input line 192.
Package babel Info: Redefining russian shorthand "|
(babel)             in language  on input line 192.
Package babel Info: Redefining russian shorthand "~
(babel)             in language  on input line 192.
 [6 <./pics/01.png>] <pics/03.png, id=199, 602.25pt x 380.17032pt>
File: pics/03.png Graphic file (type png)
 <use pics/03.png>
Package pdftex.def Info: pics/03.png used on input line 197.
(pdftex.def)             Requested size: 421.57211pt x 266.1174pt.

<pics/04.png, id=201, 599.99156pt x 378.66469pt>
File: pics/04.png Graphic file (type png)
 <use pics/04.png>
Package pdftex.def Info: pics/04.png used on input line 207.
(pdftex.def)             Requested size: 419.99123pt x 265.06346pt.
Package babel Info: Redefining russian shorthand "|
(babel)             in language  on input line 212.
Package babel Info: Redefining russian shorthand "~
(babel)             in language  on input line 212.
Package babel Info: Redefining russian shorthand "|
(babel)             in language  on input line 212.
Package babel Info: Redefining russian shorthand "~
(babel)             in language  on input line 212.
 [7 <./pics/02.png> <./pics/03.png>] <pics/05.png, id=210, 600.74437pt x 379.41
75pt>
File: pics/05.png Graphic file (type png)

<use pics/05.png>
Package pdftex.def Info: pics/05.png used on input line 217.
(pdftex.def)             Requested size: 420.51819pt x 265.59042pt.
 <pics/06.png, id=211, 602.25pt x 380.17032pt>
File: pics/06.png Graphic file (type png)

<use pics/06.png>
Package pdftex.def Info: pics/06.png used on input line 227.
(pdftex.def)             Requested size: 421.57211pt x 266.1174pt.
Package babel Info: Redefining russian shorthand "|
(babel)             in language  on input line 232.
Package babel Info: Redefining russian shorthand "~
(babel)             in language  on input line 232.
Package babel Info: Redefining russian shorthand "|
(babel)             in language  on input line 232.
Package babel Info: Redefining russian shorthand "~
(babel)             in language  on input line 232.
 [8 <./pics/04.png> <./pics/05.png>]
<pics/08.png, id=218, 600.74437pt x 375.65344pt>
File: pics/08.png Graphic file (type png)
 <use pics/08.png>
Package pdftex.def Info: pics/08.png used on input line 237.
(pdftex.def)             Requested size: 420.51819pt x 262.9556pt.

<pics/09.png, id=219, 883.04906pt x 406.51875pt>
File: pics/09.png Graphic file (type png)
 <use pics/09.png>
Package pdftex.def Info: pics/09.png used on input line 247.
(pdftex.def)             Requested size: 618.13013pt x 284.56117pt.

Overfull \hbox (134.43326pt too wide) in paragraph at lines 247--248
 [] 
 []

Package babel Info: Redefining russian shorthand "|
(babel)             in language  on input line 252.
Package babel Info: Redefining russian shorthand "~
(babel)             in language  on input line 252.
Package babel Info: Redefining russian shorthand "|
(babel)             in language  on input line 252.
Package babel Info: Redefining russian shorthand "~
(babel)             in language  on input line 252.
[9 <./pics/06.png> <./pics/08.png>]
<pics/11.png, id=226, 803.0pt x 411.5375pt>
File: pics/11.png Graphic file (type png)
 <use pics/11.png>
Package pdftex.def Info: pics/11.png used on input line 258.
(pdftex.def)             Requested size: 562.09618pt x 288.07428pt.

Overfull \hbox (78.3993pt too wide) in paragraph at lines 258--259
 [] 
 []

Package babel Info: Redefining russian shorthand "|
(babel)             in language  on input line 266.
Package babel Info: Redefining russian shorthand "~
(babel)             in language  on input line 266.
Package babel Info: Redefining russian shorthand "|
(babel)             in language  on input line 266.
Package babel Info: Redefining russian shorthand "~
(babel)             in language  on input line 266.
[10 <./pics/09.png> <./pics/11.png>]
Package babel Info: Redefining russian shorthand "|
(babel)             in language  on input line 266.
Package babel Info: Redefining russian shorthand "~
(babel)             in language  on input line 266.
Package babel Info: Redefining russian shorthand "|
(babel)             in language  on input line 276.
Package babel Info: Redefining russian shorthand "~
(babel)             in language  on input line 276.
Package babel Info: Redefining russian shorthand "|
(babel)             in language  on input line 280.
Package babel Info: Redefining russian shorthand "~
(babel)             in language  on input line 280.
Package babel Info: Redefining russian shorthand "|
(babel)             in language  on input line 282.
Package babel Info: Redefining russian shorthand "~
(babel)             in language  on input line 282.
Package babel Info: Redefining russian shorthand "|
(babel)             in language  on input line 289.
Package babel Info: Redefining russian shorthand "~
(babel)             in language  on input line 289.

Underfull \hbox (badness 10000) in paragraph at lines 290--291

 []

Package babel Info: Redefining russian shorthand "|
(babel)             in language  on input line 299.
Package babel Info: Redefining russian shorthand "~
(babel)             in language  on input line 299.

Underfull \hbox (badness 10000) in paragraph at lines 307--308

 []

<pics/07.png, id=236, 676.77844pt x 240.14719pt>
File: pics/07.png Graphic file (type png)
 <use pics/07.png>
Package pdftex.def Info: pics/07.png used on input line 322.
(pdftex.def)             Requested size: 473.74168pt x 168.10187pt.
Package babel Info: Redefining russian shorthand "|
(babel)             in language  on input line 326.
Package babel Info: Redefining russian shorthand "~
(babel)             in language  on input line 326.
Package babel Info: Redefining russian shorthand "|
(babel)             in language  on input line 326.
Package babel Info: Redefining russian shorthand "~
(babel)             in language  on input line 326.
 [11]
<pics/tests1.png, id=242, 1028.34187pt x 578.16pt>
File: pics/tests1.png Graphic file (type png)
 <use pics/tests1.png>
Package pdftex.def Info: pics/tests1.png used on input line 332.
(pdftex.def)             Requested size: 719.83441pt x 404.70924pt.

Overfull \hbox (236.13754pt too wide) in paragraph at lines 332--333
 [] 
 []

<pics/tests.png, id=243, 447.17062pt x 242.40562pt>
File: pics/tests.png Graphic file (type png)
 <use pics/tests.png>
Package pdftex.def Info: pics/tests.png used on input line 342.
(pdftex.def)             Requested size: 313.01729pt x 169.68277pt.
Package babel Info: Redefining russian shorthand "|
(babel)             in language  on input line 347.
Package babel Info: Redefining russian shorthand "~
(babel)             in language  on input line 347.
Package babel Info: Redefining russian shorthand "|
(babel)             in language  on input line 347.
Package babel Info: Redefining russian shorthand "~
(babel)             in language  on input line 347.

[12 <./pics/07.png> <./pics/tests1.png>]
Package babel Info: Redefining russian shorthand "|
(babel)             in language  on input line 350.
Package babel Info: Redefining russian shorthand "~
(babel)             in language  on input line 350.
Package babel Info: Redefining russian shorthand "|
(babel)             in language  on input line 365.
Package babel Info: Redefining russian shorthand "~
(babel)             in language  on input line 365.
Package babel Info: Redefining russian shorthand "|
(babel)             in language  on input line 375.
Package babel Info: Redefining russian shorthand "~
(babel)             in language  on input line 375.
Package babel Info: Redefining russian shorthand "|
(babel)             in language  on input line 379.
Package babel Info: Redefining russian shorthand "~
(babel)             in language  on input line 379.
Package babel Info: Redefining russian shorthand "|
(babel)             in language  on input line 383.
Package babel Info: Redefining russian shorthand "~
(babel)             in language  on input line 383.
Package babel Info: Redefining russian shorthand "|
(babel)             in language  on input line 387.
Package babel Info: Redefining russian shorthand "~
(babel)             in language  on input line 387.
Package babel Info: Redefining russian shorthand "|
(babel)             in language  on input line 387.
Package babel Info: Redefining russian shorthand "~
(babel)             in language  on input line 387.
 [13 <./pics/tests.png>]
Package babel Info: Redefining russian shorthand "|
(babel)             in language  on input line 387.
Package babel Info: Redefining russian shorthand "~
(babel)             in language  on input line 387.
Package hyperref Info: bookmark level for unknown lstlisting defaults to 0 on i
nput line 390.

(../Labyrinth/core/src/com/maltsev/labyrinth/model/Model.java
LaTeX Font Info:    Font shape `OMS/cmr/m/n' in size <8> not available
(Font)              Font shape `OMS/cmsy/m/n' tried instead on input line 13.
Package babel Info: Redefining russian shorthand "|
(babel)             in language  on input line 56.
Package babel Info: Redefining russian shorthand "~
(babel)             in language  on input line 56.
Package babel Info: Redefining russian shorthand "|
(babel)             in language  on input line 56.
Package babel Info: Redefining russian shorthand "~
(babel)             in language  on input line 56.
 [14]
Package babel Info: Redefining russian shorthand "|
(babel)             in language  on input line 130.
Package babel Info: Redefining russian shorthand "~
(babel)             in language  on input line 130.
Package babel Info: Redefining russian shorthand "|
(babel)             in language  on input line 130.
Package babel Info: Redefining russian shorthand "~
(babel)             in language  on input line 130.
 [15])
(../Labyrinth/core/src/com/maltsev/labyrinth/model/ModelOfLabyrinth.java
Package babel Info: Redefining russian shorthand "|
(babel)             in language  on input line 57.
Package babel Info: Redefining russian shorthand "~
(babel)             in language  on input line 57.
Package babel Info: Redefining russian shorthand "|
(babel)             in language  on input line 57.
Package babel Info: Redefining russian shorthand "~
(babel)             in language  on input line 57.

[16]
Package babel Info: Redefining russian shorthand "|
(babel)             in language  on input line 132.
Package babel Info: Redefining russian shorthand "~
(babel)             in language  on input line 132.
Package babel Info: Redefining russian shorthand "|
(babel)             in language  on input line 132.
Package babel Info: Redefining russian shorthand "~
(babel)             in language  on input line 132.
 [17]
Package babel Info: Redefining russian shorthand "|
(babel)             in language  on input line 207.
Package babel Info: Redefining russian shorthand "~
(babel)             in language  on input line 207.
Package babel Info: Redefining russian shorthand "|
(babel)             in language  on input line 207.
Package babel Info: Redefining russian shorthand "~
(babel)             in language  on input line 207.
 [18])
(../Labyrinth/core/src/com/maltsev/labyrinth/model/protagonist/Protagonist.java
Package babel Info: Redefining russian shorthand "|
(babel)             in language  on input line 37.
Package babel Info: Redefining russian shorthand "~
(babel)             in language  on input line 37.
Package babel Info: Redefining russian shorthand "|
(babel)             in language  on input line 37.
Package babel Info: Redefining russian shorthand "~
(babel)             in language  on input line 37.
[19])
(../Labyrinth/core/src/com/maltsev/labyrinth/model/field/PointOnTheField.java
Package babel Info: Redefining russian shorthand "|
(babel)             in language  on input line 19.
Package babel Info: Redefining russian shorthand "~
(babel)             in language  on input line 19.
Package babel Info: Redefining russian shorthand "|
(babel)             in language  on input line 19.
Package babel Info: Redefining russian shorthand "~
(babel)             in language  on input line 19.

[20]
Package babel Info: Redefining russian shorthand "|
(babel)             in language  on input line 93.
Package babel Info: Redefining russian shorthand "~
(babel)             in language  on input line 93.
Package babel Info: Redefining russian shorthand "|
(babel)             in language  on input line 93.
Package babel Info: Redefining russian shorthand "~
(babel)             in language  on input line 93.
 [21])
(../Labyrinth/core/src/com/maltsev/labyrinth/model/field/OutOfBoundaryOfTheFiel
dException.java
Package babel Info: Redefining russian shorthand "|
(babel)             in language  on input line 61.
Package babel Info: Redefining russian shorthand "~
(babel)             in language  on input line 61.
Package babel Info: Redefining russian shorthand "|
(babel)             in language  on input line 61.
Package babel Info: Redefining russian shorthand "~
(babel)             in language  on input line 61.
 [22])
(../Labyrinth/core/src/com/maltsev/labyrinth/model/field/GameField.java
Package babel Info: Redefining russian shorthand "|
(babel)             in language  on input line 56.
Package babel Info: Redefining russian shorthand "~
(babel)             in language  on input line 56.
Package babel Info: Redefining russian shorthand "|
(babel)             in language  on input line 56.
Package babel Info: Redefining russian shorthand "~
(babel)             in language  on input line 56.

[23]
Package babel Info: Redefining russian shorthand "|
(babel)             in language  on input line 131.
Package babel Info: Redefining russian shorthand "~
(babel)             in language  on input line 131.
Package babel Info: Redefining russian shorthand "|
(babel)             in language  on input line 131.
Package babel Info: Redefining russian shorthand "~
(babel)             in language  on input line 131.
 [24]
Package babel Info: Redefining russian shorthand "|
(babel)             in language  on input line 201.
Package babel Info: Redefining russian shorthand "~
(babel)             in language  on input line 201.
Package babel Info: Redefining russian shorthand "|
(babel)             in language  on input line 201.
Package babel Info: Redefining russian shorthand "~
(babel)             in language  on input line 201.
 [25])
(../Labyrinth/core/src/com/maltsev/labyrinth/model/field/FieldIsEmptyException.
java
Package babel Info: Redefining russian shorthand "|
(babel)             in language  on input line 5.
Package babel Info: Redefining russian shorthand "~
(babel)             in language  on input line 5.
Package babel Info: Redefining russian shorthand "|
(babel)             in language  on input line 5.
Package babel Info: Redefining russian shorthand "~
(babel)             in language  on input line 5.
 [26])
(../Labyrinth/core/src/com/maltsev/labyrinth/model/field/CellOfField.java)
(../Labyrinth/core/src/com/maltsev/labyrinth/model/analyzer/WayAnalyzer.java
Package babel Info: Redefining russian shorthand "|
(babel)             in language  on input line 5.
Package babel Info: Redefining russian shorthand "~
(babel)             in language  on input line 5.
Package babel Info: Redefining russian shorthand "|
(babel)             in language  on input line 5.
Package babel Info: Redefining russian shorthand "~
(babel)             in language  on input line 5.

[27]
Package babel Info: Redefining russian shorthand "|
(babel)             in language  on input line 74.
Package babel Info: Redefining russian shorthand "~
(babel)             in language  on input line 74.
Package babel Info: Redefining russian shorthand "|
(babel)             in language  on input line 74.
Package babel Info: Redefining russian shorthand "~
(babel)             in language  on input line 74.
 [28]
Package babel Info: Redefining russian shorthand "|
(babel)             in language  on input line 146.
Package babel Info: Redefining russian shorthand "~
(babel)             in language  on input line 146.
Package babel Info: Redefining russian shorthand "|
(babel)             in language  on input line 146.
Package babel Info: Redefining russian shorthand "~
(babel)             in language  on input line 146.
 [29])
(../Labyrinth/core/src/com/maltsev/labyrinth/model/analyzer/event/EventAnalyzer
.java
Package babel Info: Redefining russian shorthand "|
(babel)             in language  on input line 8.
Package babel Info: Redefining russian shorthand "~
(babel)             in language  on input line 8.
Package babel Info: Redefining russian shorthand "|
(babel)             in language  on input line 8.
Package babel Info: Redefining russian shorthand "~
(babel)             in language  on input line 8.
 [30])
(../Labyrinth/core/src/com/maltsev/labyrinth/model/analyzer/event/gameover/Game
OverAnalyzer.java
Package babel Info: Redefining russian shorthand "|
(babel)             in language  on input line 63.
Package babel Info: Redefining russian shorthand "~
(babel)             in language  on input line 63.
Package babel Info: Redefining russian shorthand "|
(babel)             in language  on input line 63.
Package babel Info: Redefining russian shorthand "~
(babel)             in language  on input line 63.
 [31])
(../Labyrinth/core/src/com/maltsev/labyrinth/model/analyzer/event/gameover/Game
OverListener.java)
(../Labyrinth/core/src/com/maltsev/labyrinth/model/analyzer/event/keysanddoors/
doors/OpenDoorAnalyzer.java
Package babel Info: Redefining russian shorthand "|
(babel)             in language  on input line 49.
Package babel Info: Redefining russian shorthand "~
(babel)             in language  on input line 49.
Package babel Info: Redefining russian shorthand "|
(babel)             in language  on input line 49.
Package babel Info: Redefining russian shorthand "~
(babel)             in language  on input line 49.
 [32])
(../Labyrinth/core/src/com/maltsev/labyrinth/model/analyzer/event/keysanddoors/
doors/OpenDoorListener.java)
(../Labyrinth/core/src/com/maltsev/labyrinth/model/analyzer/event/keysanddoors/
keys/FoundKeyAnalyzer.java
Package babel Info: Redefining russian shorthand "|
(babel)             in language  on input line 37.
Package babel Info: Redefining russian shorthand "~
(babel)             in language  on input line 37.
Package babel Info: Redefining russian shorthand "|
(babel)             in language  on input line 37.
Package babel Info: Redefining russian shorthand "~
(babel)             in language  on input line 37.
 [33])
(../Labyrinth/core/src/com/maltsev/labyrinth/model/analyzer/event/keysanddoors/
keys/FoundKeyListener.java)
(../Labyrinth/core/src/com/maltsev/labyrinth/presenter/Presenter.java
Package babel Info: Redefining russian shorthand "|
(babel)             in language  on input line 10.
Package babel Info: Redefining russian shorthand "~
(babel)             in language  on input line 10.
Package babel Info: Redefining russian shorthand "|
(babel)             in language  on input line 10.
Package babel Info: Redefining russian shorthand "~
(babel)             in language  on input line 10.
 [34]
Package babel Info: Redefining russian shorthand "|
(babel)             in language  on input line 82.
Package babel Info: Redefining russian shorthand "~
(babel)             in language  on input line 82.
Package babel Info: Redefining russian shorthand "|
(babel)             in language  on input line 82.
Package babel Info: Redefining russian shorthand "~
(babel)             in language  on input line 82.

[35]
Package babel Info: Redefining russian shorthand "|
(babel)             in language  on input line 158.
Package babel Info: Redefining russian shorthand "~
(babel)             in language  on input line 158.
Package babel Info: Redefining russian shorthand "|
(babel)             in language  on input line 158.
Package babel Info: Redefining russian shorthand "~
(babel)             in language  on input line 158.
 [36]
Package babel Info: Redefining russian shorthand "|
(babel)             in language  on input line 233.
Package babel Info: Redefining russian shorthand "~
(babel)             in language  on input line 233.
Package babel Info: Redefining russian shorthand "|
(babel)             in language  on input line 233.
Package babel Info: Redefining russian shorthand "~
(babel)             in language  on input line 233.
 [37]
Package babel Info: Redefining russian shorthand "|
(babel)             in language  on input line 309.
Package babel Info: Redefining russian shorthand "~
(babel)             in language  on input line 309.
Package babel Info: Redefining russian shorthand "|
(babel)             in language  on input line 309.
Package babel Info: Redefining russian shorthand "~
(babel)             in language  on input line 309.
 [38])
(../Labyrinth/core/src/com/maltsev/labyrinth/presenter/ParsingFile.java)
(../Labyrinth/core/src/com/maltsev/labyrinth/presenter/FileReader.java)
(../Labyrinth/core/src/com/maltsev/labyrinth/presenter/tempdata/PointOnTheScree
n.java
Package babel Info: Redefining russian shorthand "|
(babel)             in language  on input line 21.
Package babel Info: Redefining russian shorthand "~
(babel)             in language  on input line 21.
Package babel Info: Redefining russian shorthand "|
(babel)             in language  on input line 21.
Package babel Info: Redefining russian shorthand "~
(babel)             in language  on input line 21.
 [39])
(../Labyrinth/core/src/com/maltsev/labyrinth/presenter/tempdata/SizeOfTexture.j
ava)
(../Labyrinth/core/src/com/maltsev/labyrinth/presenter/interfaces/View.java
Package babel Info: Redefining russian shorthand "|
(babel)             in language  on input line 33.
Package babel Info: Redefining russian shorthand "~
(babel)             in language  on input line 33.
Package babel Info: Redefining russian shorthand "|
(babel)             in language  on input line 33.
Package babel Info: Redefining russian shorthand "~
(babel)             in language  on input line 33.

[40]) (../Labyrinth/core/src/com/maltsev/labyrinth/view/Labyrinth.java
Package babel Info: Redefining russian shorthand "|
(babel)             in language  on input line 37.
Package babel Info: Redefining russian shorthand "~
(babel)             in language  on input line 37.
Package babel Info: Redefining russian shorthand "|
(babel)             in language  on input line 37.
Package babel Info: Redefining russian shorthand "~
(babel)             in language  on input line 37.
 [41])
(../Labyrinth/core/src/com/maltsev/labyrinth/view/screens/GameScreen.java
Package babel Info: Redefining russian shorthand "|
(babel)             in language  on input line 50.
Package babel Info: Redefining russian shorthand "~
(babel)             in language  on input line 50.
Package babel Info: Redefining russian shorthand "|
(babel)             in language  on input line 50.
Package babel Info: Redefining russian shorthand "~
(babel)             in language  on input line 50.

[42]
Package babel Info: Redefining russian shorthand "|
(babel)             in language  on input line 126.
Package babel Info: Redefining russian shorthand "~
(babel)             in language  on input line 126.
Package babel Info: Redefining russian shorthand "|
(babel)             in language  on input line 126.
Package babel Info: Redefining russian shorthand "~
(babel)             in language  on input line 126.
 [43]
Package babel Info: Redefining russian shorthand "|
(babel)             in language  on input line 201.
Package babel Info: Redefining russian shorthand "~
(babel)             in language  on input line 201.
Package babel Info: Redefining russian shorthand "|
(babel)             in language  on input line 201.
Package babel Info: Redefining russian shorthand "~
(babel)             in language  on input line 201.
 [44])
(../Labyrinth/core/src/com/maltsev/labyrinth/view/screens/MainMenuScreen.java
Package babel Info: Redefining russian shorthand "|
(babel)             in language  on input line 4.
Package babel Info: Redefining russian shorthand "~
(babel)             in language  on input line 4.
Package babel Info: Redefining russian shorthand "|
(babel)             in language  on input line 4.
Package babel Info: Redefining russian shorthand "~
(babel)             in language  on input line 4.

[45]
Package babel Info: Redefining russian shorthand "|
(babel)             in language  on input line 78.
Package babel Info: Redefining russian shorthand "~
(babel)             in language  on input line 78.
Package babel Info: Redefining russian shorthand "|
(babel)             in language  on input line 78.
Package babel Info: Redefining russian shorthand "~
(babel)             in language  on input line 78.
 [46]
Package babel Info: Redefining russian shorthand "|
(babel)             in language  on input line 155.
Package babel Info: Redefining russian shorthand "~
(babel)             in language  on input line 155.
Package babel Info: Redefining russian shorthand "|
(babel)             in language  on input line 155.
Package babel Info: Redefining russian shorthand "~
(babel)             in language  on input line 155.
 [47])
(../Labyrinth/core/src/com/maltsev/labyrinth/view/scenes/Fon.java
Package babel Info: Redefining russian shorthand "|
(babel)             in language  on input line 6.
Package babel Info: Redefining russian shorthand "~
(babel)             in language  on input line 6.
Package babel Info: Redefining russian shorthand "|
(babel)             in language  on input line 6.
Package babel Info: Redefining russian shorthand "~
(babel)             in language  on input line 6.
 [48])
(../Labyrinth/core/src/com/maltsev/labyrinth/view/scenes/Hud.java
Package babel Info: Redefining russian shorthand "|
(babel)             in language  on input line 37.
Package babel Info: Redefining russian shorthand "~
(babel)             in language  on input line 37.
Package babel Info: Redefining russian shorthand "|
(babel)             in language  on input line 37.
Package babel Info: Redefining russian shorthand "~
(babel)             in language  on input line 37.
 [49]
Package babel Info: Redefining russian shorthand "|
(babel)             in language  on input line 110.
Package babel Info: Redefining russian shorthand "~
(babel)             in language  on input line 110.
Package babel Info: Redefining russian shorthand "|
(babel)             in language  on input line 110.
Package babel Info: Redefining russian shorthand "~
(babel)             in language  on input line 110.
 [50])
Package atveryend Info: Empty hook `BeforeClearDocument' on input line 444.
Package babel Info: Redefining russian shorthand "|
(babel)             in language  on input line 444.
Package babel Info: Redefining russian shorthand "~
(babel)             in language  on input line 444.
Package babel Info: Redefining russian shorthand "|
(babel)             in language  on input line 444.
Package babel Info: Redefining russian shorthand "~
(babel)             in language  on input line 444.

[51]
Package atveryend Info: Empty hook `AfterLastShipout' on input line 444.
 (main.aux (titlepage.aux))
Package atveryend Info: Executing hook `AtVeryEndDocument' on input line 444.
Package atveryend Info: Executing hook `AtEndAfterFileList' on input line 444.
Package rerunfilecheck Info: File `main.out' has not changed.
(rerunfilecheck)             Checksum: 3DC9E66761B50D8011B5B2A5569C54F9;6348.


LaTeX Warning: There were multiply-defined labels.

Package atveryend Info: Empty hook `AtVeryVeryEnd' on input line 444.
 ) 
Here is how much of TeX's memory you used:
 17322 strings out of 493698
 251331 string characters out of 3144412
 871434 words of memory out of 3000000
 17552 multiletter control sequences out of 15000+200000
 15125 words of font info for 32 fonts, out of 3000000 for 9000
 1025 hyphenation exceptions out of 8191
 40i,8n,51p,1354b,1138s stack positions out of 5000i,500n,10000p,200000b,50000s
{C:/Program Files/MiKTeX 2.9/fonts/enc/dvips/cm-super/cm-super-t2a.enc}<C:/Pr
ogram Files/MiKTeX 2.9/fonts/type1/public/amsfonts/cm/cmmi8.pfb><C:/Program Fil
es/MiKTeX 2.9/fonts/type1/public/amsfonts/cm/cmsy10.pfb><C:/Program Files/MiKTe
X 2.9/fonts/type1/public/amsfonts/cm/cmsy8.pfb><C:/Program Files/MiKTeX 2.9/fon
ts/type1/public/cm-super/sfbx0800.pfb><C:/Program Files/MiKTeX 2.9/fonts/type1/
public/cm-super/sfbx1000.pfb><C:/Program Files/MiKTeX 2.9/fonts/type1/public/cm
-super/sfbx1200.pfb><C:/Program Files/MiKTeX 2.9/fonts/type1/public/cm-super/sf
bx1440.pfb><C:/Program Files/MiKTeX 2.9/fonts/type1/public/cm-super/sfrm0600.pf
b><C:/Program Files/MiKTeX 2.9/fonts/type1/public/cm-super/sfrm0700.pfb><C:/Pro
gram Files/MiKTeX 2.9/fonts/type1/public/cm-super/sfrm0800.pfb><C:/Program File
s/MiKTeX 2.9/fonts/type1/public/cm-super/sfrm1000.pfb><C:/Program Files/MiKTeX 
2.9/fonts/type1/public/cm-super/sfrm1200.pfb><C:/Program Files/MiKTeX 2.9/fonts
/type1/public/cm-super/sfrm2074.pfb>
Output written on main.pdf (52 pages, 1537864 bytes).
PDF statistics:
 3795 PDF objects out of 4296 (max. 8388607)
 2859 named destinations out of 2984 (max. 500000)
 279 words of extra memory for PDF output out of 10000 (max. 10000000)

